SF:lib\src\features\most_popular_articles\data\models\articleModel.dart
DA:4,2
DA:12,2
LF:2
LH:2
end_of_record
SF:lib\src\features\most_popular_articles\domain\entities\article.dart
DA:12,2
DA:22,0
DA:23,0
DA:24,0
DA:25,0
DA:26,0
DA:27,0
DA:28,0
DA:29,0
DA:30,0
DA:34,0
DA:35,0
DA:36,0
DA:37,0
DA:38,0
DA:39,0
DA:42,0
DA:44,0
LF:18
LH:1
end_of_record
SF:lib\src\features\most_popular_articles\data\data_sources\data_state.dart
DA:7,1
DA:11,2
DA:15,2
LF:3
LH:3
end_of_record
SF:lib\src\features\most_popular_articles\data\repositories\articleRepositoryData.dart
DA:7,1
DA:10,2
DA:12,2
DA:14,3
DA:15,1
DA:17,0
DA:18,0
DA:19,0
DA:20,0
DA:25,1
DA:26,1
DA:30,1
DA:31,1
DA:32,0
DA:35,3
DA:38,1
DA:41,1
DA:42,2
DA:43,2
DA:44,3
DA:45,4
DA:46,4
DA:47,5
DA:50,1
DA:51,3
DA:52,1
DA:53,1
DA:54,1
DA:55,1
DA:57,1
LF:30
LH:25
end_of_record
SF:lib\src\features\most_popular_articles\data\data_sources\apiController.dart
DA:7,1
DA:8,2
DA:9,2
LF:3
LH:3
end_of_record
